[2024-09-04 19:26:52,978: INFO: stage_01_data_ingestion: >>>>>> stage Data Ingestion stage started <<<<<<]
[2024-09-04 19:26:52,980: INFO: common: yaml file: C:\Users\konde\Music\projects\Kidney Cancer Detection\Kidney-Cancer-Detection\config\config.yaml loaded successfully]
[2024-09-04 19:26:52,981: INFO: common: yaml file: C:\Users\konde\Music\projects\Kidney Cancer Detection\Kidney-Cancer-Detection\params.yaml loaded successfully]
[2024-09-04 19:26:52,982: INFO: common: created directory at: artifacts]
[2024-09-04 19:26:52,982: INFO: common: created directory at: artifacts/data_ingestion]
[2024-09-04 19:26:52,983: INFO: data_ingestion: Downloading data from https://drive.google.com/file/d/1vlhZ5c7abUKF8xXERIw6m9Te8fW7ohw3/view?usp=sharing into file artifacts/data_ingestion/data.zip]
[2024-09-04 19:27:01,723: INFO: data_ingestion: Downloaded data from https://drive.google.com/file/d/1vlhZ5c7abUKF8xXERIw6m9Te8fW7ohw3/view?usp=sharing into file artifacts/data_ingestion/data.zip]
[2024-09-04 19:27:02,294: INFO: stage_01_data_ingestion: >>>>>> stage Data Ingestion stage completed <<<<<<

x==========x]
[2024-09-04 23:21:59,937: INFO: main: >>>>>> stage Data Ingestion stage started <<<<<<]
[2024-09-04 23:21:59,952: INFO: common: yaml file: C:\Users\konde\Music\projects\Kidney Cancer Detection\Kidney-Cancer-Detection\config\config.yaml loaded successfully]
[2024-09-04 23:21:59,953: INFO: common: yaml file: C:\Users\konde\Music\projects\Kidney Cancer Detection\Kidney-Cancer-Detection\params.yaml loaded successfully]
[2024-09-04 23:21:59,953: INFO: common: created directory at: artifacts]
[2024-09-04 23:21:59,953: INFO: common: created directory at: artifacts/data_ingestion]
[2024-09-04 23:21:59,955: INFO: data_ingestion: Downloading data from https://drive.google.com/file/d/1vlhZ5c7abUKF8xXERIw6m9Te8fW7ohw3/view?usp=sharing into file artifacts/data_ingestion/data.zip]
[2024-09-04 23:22:14,465: INFO: data_ingestion: Downloaded data from https://drive.google.com/file/d/1vlhZ5c7abUKF8xXERIw6m9Te8fW7ohw3/view?usp=sharing into file artifacts/data_ingestion/data.zip]
[2024-09-04 23:22:15,097: INFO: main: >>>>>> stage Data Ingestion stage completed <<<<<<

x==========x]
[2024-09-04 23:40:31,190: INFO: common: yaml file: C:\Users\konde\Music\projects\Kidney Cancer Detection\Kidney-Cancer-Detection\config\config.yaml loaded successfully]
[2024-09-04 23:40:31,195: INFO: common: yaml file: C:\Users\konde\Music\projects\Kidney Cancer Detection\Kidney-Cancer-Detection\params.yaml loaded successfully]
[2024-09-04 23:40:31,197: INFO: common: created directory at: artifacts]
[2024-09-04 23:40:31,198: INFO: common: created directory at: artifacts/prepare_base_model]
[2024-09-04 23:40:36,667: WARNING: saving_api: You are saving your model as an HDF5 file via `model.save()` or `keras.saving.save_model(model)`. This file format is considered legacy. We recommend using instead the native Keras format, e.g. `model.save('my_model.keras')` or `keras.saving.save_model(model, 'my_model.keras')`. ]
[2024-09-04 23:40:36,788: WARNING: saving_api: You are saving your model as an HDF5 file via `model.save()` or `keras.saving.save_model(model)`. This file format is considered legacy. We recommend using instead the native Keras format, e.g. `model.save('my_model.keras')` or `keras.saving.save_model(model, 'my_model.keras')`. ]
[2024-09-04 23:47:19,850: INFO: main: >>>>>> stage Data Ingestion stage started <<<<<<]
[2024-09-04 23:47:19,852: INFO: common: yaml file: C:\Users\konde\Music\projects\Kidney Cancer Detection\Kidney-Cancer-Detection\config\config.yaml loaded successfully]
[2024-09-04 23:47:19,852: INFO: common: yaml file: C:\Users\konde\Music\projects\Kidney Cancer Detection\Kidney-Cancer-Detection\params.yaml loaded successfully]
[2024-09-04 23:47:19,854: INFO: common: created directory at: artifacts]
[2024-09-04 23:47:19,855: INFO: common: created directory at: artifacts/data_ingestion]
[2024-09-04 23:47:19,855: INFO: data_ingestion: Downloading data from https://drive.google.com/file/d/1vlhZ5c7abUKF8xXERIw6m9Te8fW7ohw3/view?usp=sharing into file artifacts/data_ingestion/data.zip]
[2024-09-04 23:47:27,770: INFO: data_ingestion: Downloaded data from https://drive.google.com/file/d/1vlhZ5c7abUKF8xXERIw6m9Te8fW7ohw3/view?usp=sharing into file artifacts/data_ingestion/data.zip]
[2024-09-04 23:47:28,331: INFO: main: >>>>>> stage Data Ingestion stage completed <<<<<<

x==========x]
[2024-09-04 23:47:28,332: INFO: main: *******************]
[2024-09-04 23:47:28,332: INFO: main: >>>>>> stage Prepare base model started <<<<<<]
[2024-09-04 23:47:28,334: INFO: common: yaml file: C:\Users\konde\Music\projects\Kidney Cancer Detection\Kidney-Cancer-Detection\config\config.yaml loaded successfully]
[2024-09-04 23:47:28,334: INFO: common: yaml file: C:\Users\konde\Music\projects\Kidney Cancer Detection\Kidney-Cancer-Detection\params.yaml loaded successfully]
[2024-09-04 23:47:28,336: INFO: common: created directory at: artifacts]
[2024-09-04 23:47:28,336: INFO: common: created directory at: artifacts/prepare_base_model]
[2024-09-04 23:47:28,610: WARNING: saving_api: You are saving your model as an HDF5 file via `model.save()` or `keras.saving.save_model(model)`. This file format is considered legacy. We recommend using instead the native Keras format, e.g. `model.save('my_model.keras')` or `keras.saving.save_model(model, 'my_model.keras')`. ]
[2024-09-04 23:47:28,713: WARNING: saving_api: You are saving your model as an HDF5 file via `model.save()` or `keras.saving.save_model(model)`. This file format is considered legacy. We recommend using instead the native Keras format, e.g. `model.save('my_model.keras')` or `keras.saving.save_model(model, 'my_model.keras')`. ]
[2024-09-04 23:47:28,778: INFO: main: >>>>>> stage Prepare base model completed <<<<<<

x==========x]
